This is pdfTeX, Version 3.14159265-2.6-1.40.19 (TeX Live 2018) (preloaded format=pdflatex 2019.4.10)  20 FEB 2020 09:04
entering extended mode
 \write18 enabled.
 file:line:error style messages enabled.
 %&-line parsing enabled.
**report.tex
(./report.tex
LaTeX2e <2018-12-01>
(/usr/local/texlive/2018/texmf-dist/tex/latex/base/article.cls
Document Class: article 2018/09/03 v1.4i Standard LaTeX document class
(/usr/local/texlive/2018/texmf-dist/tex/latex/base/size12.clo
File: size12.clo 2018/09/03 v1.4i Standard LaTeX file (size option)
)
\c@part=\count80
\c@section=\count81
\c@subsection=\count82
\c@subsubsection=\count83
\c@paragraph=\count84
\c@subparagraph=\count85
\c@figure=\count86
\c@table=\count87
\abovecaptionskip=\skip41
\belowcaptionskip=\skip42
\bibindent=\dimen102
) (/usr/local/texlive/2018/texmf-dist/tex/latex/base/inputenc.sty
Package: inputenc 2018/08/11 v1.3c Input encoding file
\inpenc@prehook=\toks14
\inpenc@posthook=\toks15
) (/usr/local/texlive/2018/texmf-dist/tex/latex/geometry/geometry.sty
Package: geometry 2018/04/16 v5.8 Page Geometry
 (/usr/local/texlive/2018/texmf-dist/tex/latex/graphics/keyval.sty
Package: keyval 2014/10/28 v1.15 key=value parser (DPC)
\KV@toks@=\toks16
) (/usr/local/texlive/2018/texmf-dist/tex/generic/oberdiek/ifpdf.sty
Package: ifpdf 2018/09/07 v3.3 Provides the ifpdf switch
) (/usr/local/texlive/2018/texmf-dist/tex/generic/oberdiek/ifvtex.sty
Package: ifvtex 2016/05/16 v1.6 Detect VTeX and its facilities (HO)
Package ifvtex Info: VTeX not detected.
) (/usr/local/texlive/2018/texmf-dist/tex/generic/ifxetex/ifxetex.sty
Package: ifxetex 2010/09/12 v0.6 Provides ifxetex conditional
)
\Gm@cnth=\count88
\Gm@cntv=\count89
\c@Gm@tempcnt=\count90
\Gm@bindingoffset=\dimen103
\Gm@wd@mp=\dimen104
\Gm@odd@mp=\dimen105
\Gm@even@mp=\dimen106
\Gm@layoutwidth=\dimen107
\Gm@layoutheight=\dimen108
\Gm@layouthoffset=\dimen109
\Gm@layoutvoffset=\dimen110
\Gm@dimlist=\toks17
) (/usr/local/texlive/2018/texmf-dist/tex/latex/graphics/graphicx.sty
Package: graphicx 2017/06/01 v1.1a Enhanced LaTeX Graphics (DPC,SPQR)
 (/usr/local/texlive/2018/texmf-dist/tex/latex/graphics/graphics.sty
Package: graphics 2017/06/25 v1.2c Standard LaTeX Graphics (DPC,SPQR)
 (/usr/local/texlive/2018/texmf-dist/tex/latex/graphics/trig.sty
Package: trig 2016/01/03 v1.10 sin cos tan (DPC)
) (/usr/local/texlive/2018/texmf-dist/tex/latex/graphics-cfg/graphics.cfg
File: graphics.cfg 2016/06/04 v1.11 sample graphics configuration
)
Package graphics Info: Driver file: pdftex.def on input line 99.
 (/usr/local/texlive/2018/texmf-dist/tex/latex/graphics-def/pdftex.def
File: pdftex.def 2018/01/08 v1.0l Graphics/color driver for pdftex
))
\Gin@req@height=\dimen111
\Gin@req@width=\dimen112
) (/usr/local/texlive/2018/texmf-dist/tex/latex/enumitem/enumitem.sty
Package: enumitem 2019/02/04 v3.8 Customized lists
\labelindent=\skip43
\enit@outerparindent=\dimen113
\enit@toks=\toks18
\enit@inbox=\box27
\enit@count@id=\count91
\enitdp@description=\count92
) (/usr/local/texlive/2018/texmf-dist/tex/latex/caption/caption.sty
Package: caption 2018/10/06 v3.3-154 Customizing captions (AR)

(/usr/local/texlive/2018/texmf-dist/tex/latex/caption/caption3.sty
Package: caption3 2018/09/12 v1.8c caption3 kernel (AR)
Package caption3 Info: TeX engine: e-TeX on input line 64.
\captionmargin=\dimen114
\captionmargin@=\dimen115
\captionwidth=\dimen116
\caption@tempdima=\dimen117
\caption@indent=\dimen118
\caption@parindent=\dimen119
\caption@hangindent=\dimen120
)
\c@caption@flags=\count93
\c@ContinuedFloat=\count94
) (/usr/local/texlive/2018/texmf-dist/tex/latex/caption/subcaption.sty
Package: subcaption 2018/05/01 v1.1-162 Sub-captions (AR)
\c@subfigure=\count95
\c@subtable=\count96
) (/usr/local/texlive/2018/texmf-dist/tex/latex/float/float.sty
Package: float 2001/11/08 v1.3d Float enhancements (AL)
\c@float@type=\count97
\float@exts=\toks19
\float@box=\box28
\@float@everytoks=\toks20
\@floatcapt=\box29
) (/usr/local/texlive/2018/texmf-dist/tex/latex/tools/verbatim.sty
Package: verbatim 2014/10/28 v1.5q LaTeX2e package for verbatim enhancements
\every@verbatim=\toks21
\verbatim@line=\toks22
\verbatim@in@stream=\read1
) (./report.aux)
\openout1 = `report.aux'.

LaTeX Font Info:    Checking defaults for OML/cmm/m/it on input line 16.
LaTeX Font Info:    ... okay on input line 16.
LaTeX Font Info:    Checking defaults for T1/cmr/m/n on input line 16.
LaTeX Font Info:    ... okay on input line 16.
LaTeX Font Info:    Checking defaults for OT1/cmr/m/n on input line 16.
LaTeX Font Info:    ... okay on input line 16.
LaTeX Font Info:    Checking defaults for OMS/cmsy/m/n on input line 16.
LaTeX Font Info:    ... okay on input line 16.
LaTeX Font Info:    Checking defaults for OMX/cmex/m/n on input line 16.
LaTeX Font Info:    ... okay on input line 16.
LaTeX Font Info:    Checking defaults for U/cmr/m/n on input line 16.
LaTeX Font Info:    ... okay on input line 16.

*geometry* driver: auto-detecting
*geometry* detected driver: pdftex
*geometry* verbose mode - [ preamble ] result:
* driver: pdftex
* paper: <default>
* layout: <same size as paper>
* layoutoffset:(h,v)=(0.0pt,0.0pt)
* modes: 
* h-part:(L,W,R)=(72.26999pt, 469.75502pt, 72.26999pt)
* v-part:(T,H,B)=(72.26999pt, 650.43001pt, 72.26999pt)
* \paperwidth=614.295pt
* \paperheight=794.96999pt
* \textwidth=469.75502pt
* \textheight=650.43001pt
* \oddsidemargin=0.0pt
* \evensidemargin=0.0pt
* \topmargin=-37.0pt
* \headheight=12.0pt
* \headsep=25.0pt
* \topskip=12.0pt
* \footskip=30.0pt
* \marginparwidth=44.0pt
* \marginparsep=10.0pt
* \columnsep=10.0pt
* \skip\footins=10.8pt plus 4.0pt minus 2.0pt
* \hoffset=0.0pt
* \voffset=0.0pt
* \mag=1000
* \@twocolumnfalse
* \@twosidefalse
* \@mparswitchfalse
* \@reversemarginfalse
* (1in=72.27pt=25.4mm, 1cm=28.453pt)

(/usr/local/texlive/2018/texmf-dist/tex/context/base/mkii/supp-pdf.mkii
[Loading MPS to PDF converter (version 2006.09.02).]
\scratchcounter=\count98
\scratchdimen=\dimen121
\scratchbox=\box30
\nofMPsegments=\count99
\nofMParguments=\count100
\everyMPshowfont=\toks23
\MPscratchCnt=\count101
\MPscratchDim=\dimen122
\MPnumerator=\count102
\makeMPintoPDFobject=\count103
\everyMPtoPDFconversion=\toks24
) (/usr/local/texlive/2018/texmf-dist/tex/latex/oberdiek/epstopdf-base.sty
Package: epstopdf-base 2016/05/15 v2.6 Base part for package epstopdf
 (/usr/local/texlive/2018/texmf-dist/tex/generic/oberdiek/infwarerr.sty
Package: infwarerr 2016/05/16 v1.4 Providing info/warning/error messages (HO)
) (/usr/local/texlive/2018/texmf-dist/tex/latex/oberdiek/grfext.sty
Package: grfext 2016/05/16 v1.2 Manage graphics extensions (HO)
 (/usr/local/texlive/2018/texmf-dist/tex/generic/oberdiek/kvdefinekeys.sty
Package: kvdefinekeys 2016/05/16 v1.4 Define keys (HO)
 (/usr/local/texlive/2018/texmf-dist/tex/generic/oberdiek/ltxcmds.sty
Package: ltxcmds 2016/05/16 v1.23 LaTeX kernel commands for general use (HO)
))) (/usr/local/texlive/2018/texmf-dist/tex/latex/oberdiek/kvoptions.sty
Package: kvoptions 2016/05/16 v3.12 Key value format for package options (HO)
 (/usr/local/texlive/2018/texmf-dist/tex/generic/oberdiek/kvsetkeys.sty
Package: kvsetkeys 2016/05/16 v1.17 Key value parser (HO)
 (/usr/local/texlive/2018/texmf-dist/tex/generic/oberdiek/etexcmds.sty
Package: etexcmds 2016/05/16 v1.6 Avoid name clashes with e-TeX commands (HO)
 (/usr/local/texlive/2018/texmf-dist/tex/generic/oberdiek/ifluatex.sty
Package: ifluatex 2016/05/16 v1.4 Provides the ifluatex switch (HO)
Package ifluatex Info: LuaTeX not detected.
)
Package etexcmds Info: Could not find \expanded.
(etexcmds)             That can mean that you are not using pdfTeX 1.50 or
(etexcmds)             that some package has redefined \expanded.
(etexcmds)             In the latter case, load this package earlier.
))) (/usr/local/texlive/2018/texmf-dist/tex/generic/oberdiek/pdftexcmds.sty
Package: pdftexcmds 2018/09/10 v0.29 Utility functions of pdfTeX for LuaTeX (HO)
Package pdftexcmds Info: LuaTeX not detected.
Package pdftexcmds Info: \pdf@primitive is available.
Package pdftexcmds Info: \pdf@ifprimitive is available.
Package pdftexcmds Info: \pdfdraftmode found.
)
Package epstopdf-base Info: Redefining graphics rule for `.eps' on input line 438.
Package grfext Info: Graphics extension search list:
(grfext)             [.pdf,.png,.jpg,.mps,.jpeg,.jbig2,.jb2,.PDF,.PNG,.JPG,.JPEG,.JBIG2,.JB2,.eps]
(grfext)             \AppendGraphicsExtensions on input line 456.
 (/usr/local/texlive/2018/texmf-dist/tex/latex/latexconfig/epstopdf-sys.cfg
File: epstopdf-sys.cfg 2010/07/13 v1.3 Configuration of (r)epstopdf for TeX Live
))
Package caption Info: Begin \AtBeginDocument code.
Package caption Info: float package is loaded.
Package caption Info: End \AtBeginDocument code.
LaTeX Font Info:    External font `cmex10' loaded for size
(Font)              <14.4> on input line 18.
LaTeX Font Info:    External font `cmex10' loaded for size
(Font)              <7> on input line 18.
LaTeX Font Info:    Try loading font information for OMS+cmr on input line 24.
 (/usr/local/texlive/2018/texmf-dist/tex/latex/base/omscmr.fd
File: omscmr.fd 2014/09/29 v2.5h Standard LaTeX font definitions
)
LaTeX Font Info:    Font shape `OMS/cmr/m/n' in size <12> not available
(Font)              Font shape `OMS/cmsy/m/n' tried instead on input line 24.
 [1

{/usr/local/texlive/2018/texmf-var/fonts/map/pdftex/updmap/pdftex.map}]
Overfull \hbox (30.42023pt too wide) in paragraph at lines 46--46
[]  \OT1/cmtt/m/n/12 python main.py -v path/to/video.avi -o path/to/output.avi -l limits.npy -s -vis 
 []


Overfull \hbox (6.65694pt too wide) in paragraph at lines 55--56
[][][]\OT1/cmtt/m/n/12 -bg, --background []\OT1/cmr/m/n/12 : path to ex-tracted back-ground im-age. By de-fault [][]\OT1/cmtt/m/n/12 background.png
 []

[2]
LaTeX Font Info:    External font `cmex10' loaded for size
(Font)              <12> on input line 72.
LaTeX Font Info:    External font `cmex10' loaded for size
(Font)              <8> on input line 72.
LaTeX Font Info:    External font `cmex10' loaded for size
(Font)              <6> on input line 72.
<../results/visualisations/output_Set1_4355-4651.png, id=14, 1927.2pt x 1084.05pt>
File: ../results/visualisations/output_Set1_4355-4651.png Graphic file (type png)
<use ../results/visualisations/output_Set1_4355-4651.png>
Package pdftex.def Info: ../results/visualisations/output_Set1_4355-4651.png  used on input line 77.
(pdftex.def)             Requested size: 328.82707pt x 184.96425pt.
<../results/plots/Set1_4355-4651.png, id=15, 462.528pt x 346.896pt>
File: ../results/plots/Set1_4355-4651.png Graphic file (type png)
<use ../results/plots/Set1_4355-4651.png>
Package pdftex.def Info: ../results/plots/Set1_4355-4651.png  used on input line 83.
(pdftex.def)             Requested size: 328.82707pt x 246.63135pt.
 [3]
<../results/visualisations/output_Set1_14573-14698.png, id=20, 1927.2pt x 1084.05pt>
File: ../results/visualisations/output_Set1_14573-14698.png Graphic file (type png)
<use ../results/visualisations/output_Set1_14573-14698.png>
Package pdftex.def Info: ../results/visualisations/output_Set1_14573-14698.png  used on input line 94.
(pdftex.def)             Requested size: 328.82707pt x 184.96425pt.
<../results/plots/Set1_14573-14698.png, id=21, 462.528pt x 346.896pt>
File: ../results/plots/Set1_14573-14698.png Graphic file (type png)
<use ../results/plots/Set1_14573-14698.png>
Package pdftex.def Info: ../results/plots/Set1_14573-14698.png  used on input line 99.
(pdftex.def)             Requested size: 328.82707pt x 246.63135pt.
 [4 <../results/visualisations/output_Set1_4355-4651.png (PNG copy)> <../results/plots/Set1_4355-4651.png>]
<../results/visualisations/output_Set5_73686-73878.png, id=27, 1927.2pt x 1084.05pt>
File: ../results/visualisations/output_Set5_73686-73878.png Graphic file (type png)
<use ../results/visualisations/output_Set5_73686-73878.png>
Package pdftex.def Info: ../results/visualisations/output_Set5_73686-73878.png  used on input line 109.
(pdftex.def)             Requested size: 328.82707pt x 184.96425pt.
<../results/plots/Set5_73686-73878.png, id=28, 462.528pt x 346.896pt>
File: ../results/plots/Set5_73686-73878.png Graphic file (type png)
<use ../results/plots/Set5_73686-73878.png>
Package pdftex.def Info: ../results/plots/Set5_73686-73878.png  used on input line 114.
(pdftex.def)             Requested size: 328.82707pt x 246.63135pt.
 [5 <../results/visualisations/output_Set1_14573-14698.png (PNG copy)> <../results/plots/Set1_14573-14698.png>]
<../results/visualisations/output_Set5_77595-77946.png, id=33, 1927.2pt x 1084.05pt>
File: ../results/visualisations/output_Set5_77595-77946.png Graphic file (type png)
<use ../results/visualisations/output_Set5_77595-77946.png>
Package pdftex.def Info: ../results/visualisations/output_Set5_77595-77946.png  used on input line 124.
(pdftex.def)             Requested size: 328.82707pt x 184.96425pt.
<../results/plots/Set5_77595-77946.png, id=34, 462.528pt x 346.896pt>
File: ../results/plots/Set5_77595-77946.png Graphic file (type png)
<use ../results/plots/Set5_77595-77946.png>
Package pdftex.def Info: ../results/plots/Set5_77595-77946.png  used on input line 129.
(pdftex.def)             Requested size: 328.82707pt x 246.63135pt.
 [6 <../results/visualisations/output_Set5_73686-73878.png (PNG copy)> <../results/plots/Set5_73686-73878.png>]
<../results/visualisations/output_Set23_94026-94206.png, id=39, 1927.2pt x 1084.05pt>
File: ../results/visualisations/output_Set23_94026-94206.png Graphic file (type png)
<use ../results/visualisations/output_Set23_94026-94206.png>
Package pdftex.def Info: ../results/visualisations/output_Set23_94026-94206.png  used on input line 139.
(pdftex.def)             Requested size: 328.82707pt x 184.96425pt.
<../results/plots/Set23_94026-94206.png, id=40, 462.528pt x 346.896pt>
File: ../results/plots/Set23_94026-94206.png Graphic file (type png)
<use ../results/plots/Set23_94026-94206.png>
Package pdftex.def Info: ../results/plots/Set23_94026-94206.png  used on input line 144.
(pdftex.def)             Requested size: 328.82707pt x 246.63135pt.
 [7 <../results/visualisations/output_Set5_77595-77946.png (PNG copy)> <../results/plots/Set5_77595-77946.png>]
<../results/visualisations/output_Set1_6720-6978.png, id=46, 1927.2pt x 1084.05pt>
File: ../results/visualisations/output_Set1_6720-6978.png Graphic file (type png)
<use ../results/visualisations/output_Set1_6720-6978.png>
Package pdftex.def Info: ../results/visualisations/output_Set1_6720-6978.png  used on input line 156.
(pdftex.def)             Requested size: 328.82707pt x 184.96425pt.
<../results/plots/Set1_6720-6978.png, id=47, 462.528pt x 346.896pt>
File: ../results/plots/Set1_6720-6978.png Graphic file (type png)
<use ../results/plots/Set1_6720-6978.png>
Package pdftex.def Info: ../results/plots/Set1_6720-6978.png  used on input line 161.
(pdftex.def)             Requested size: 328.82707pt x 246.63135pt.
 [8 <../results/visualisations/output_Set23_94026-94206.png (PNG copy)> <../results/plots/Set23_94026-94206.png>] [9 <../results/visualisations/output_Set1_6720-6978.png (PNG copy)> <../results/plots/Set1_6720-6978.png>] (./report.aux) ) 
Here is how much of TeX's memory you used:
 3597 strings out of 492616
 59039 string characters out of 6128982
 132222 words of memory out of 5000000
 7468 multiletter control sequences out of 15000+600000
 8970 words of font info for 32 fonts, out of 8000000 for 9000
 1141 hyphenation exceptions out of 8191
 41i,8n,39p,569b,452s stack positions out of 5000i,500n,10000p,200000b,80000s
</usr/local/texlive/2018/texmf-dist/fonts/type1/public/amsfonts/cm/cmbx12.pfb></usr/local/texlive/2018/texmf-dist/fonts/type1/public/amsfonts/cm/cmr10.pfb></usr/local/texlive/2018/texmf-dist/fonts/type1/public/amsfonts/cm/cmr12.pfb></usr/local/texlive/2018/texmf-dist/fonts/type1/public/amsfonts/cm/cmr17.pfb></usr/local/texlive/2018/texmf-dist/fonts/type1/public/amsfonts/cm/cmsy10.pfb></usr/local/texlive/2018/texmf-dist/fonts/type1/public/amsfonts/cm/cmtt12.pfb>
Output written on report.pdf (9 pages, 13365328 bytes).
PDF statistics:
 77 PDF objects out of 1000 (max. 8388607)
 41 compressed objects within 1 object stream
 0 named destinations out of 1000 (max. 500000)
 61 words of extra memory for PDF output out of 10000 (max. 10000000)

